    st_distance    
-------------------
                 0
  4.47213595499958
  4.47213595499958
                 0
  4.47213595499958
  5.09901951359278
  5.09901951359278
                 0
                 0
                 0
                 0
                 0
                 0
  4.47213595499958
                 1
                 0
                 6
  4.12310562561766
                 4
   5.8309518948453
                 0
                 0
                 0
                 0
   5.8309518948453
                  
                 0
                  
                  
                  
                  
                  
                  
                  
                  
                  
                  
                  
                  
                  
                 6
  5.96372525087662
                 6
                 6
                 1
 0.874032048897642
                 1
                 1
                 6
  6.80954140799991
                 1
                 0
                 7
   71.449282711585
  4.94974746830583
  3.60555127546399
                 0
   73.109506905737
                 0
                 0
  3.60555127546399
  3.60555127546399
                 0
                 0
  3.25433540555203
  3.79473319220206
  4.24264068711928
                 0
                 0
                 0
  4.47213595499958
                 0
  5.09901951359278
                 0
  5.09901951359278
                 0
                 0
                 0
                 0
   1.4142135623731
   1.4142135623731
                 1
   1.4142135623731
                 0
                 0
                 0
   1.4142135623731
                 0
                 0
                 0
                 1
                 0
                 0
                 0
                 1
                 0
                 1
                 0
                 1
                 0
                 0
                 0
  2.23606797749979
 0.707106781186548
                 0
  3.60555127546399
                 0
                 0
                 0
                 0
                 0
                 0
                 0
                 0
                  
                  
                 0
                 0
                 0
                 0
  2.23606797749979
                  
                 0
                  
                 0
                  
                 0
                  
                  
                  
                  
                  
                  
                  
                  
                  
                  
                  
                  
                  
                  
                  
                  
                  
                  
                  
                  
                  
                  
                  
                  
                  
  2.60555127546399
  3.59405585233477
  2.60555127546399
  2.60555127546399
                 0
 0.792893218813452
                 0
                  
                 0
                 0
 0.792893218813452
                 0
                 0
                 0
 0.792893218813452
                 0
                 0
  2.60555127546399
  3.59405585233477
                 0
                 0
                 0
                 0
                 0
                 0
  3.60555127546399
   73.109506905737
 0.707106781186548
                 0
                 0
  74.5184540902453
                 0
                 0
                 0
  74.5184540902453
                 0
                  
                  
                 0
                 0
  70.7248188403477
                 0
                 0
                 0
                 0
                 0
                 0
                 0
                 0
                 0
                 0
                 0
                 0
                 3
                 0
                 0
                 0
                 0
                  
                  
                 0
                 0
                 0
                 0
                 0
                 0
                 1
  4.47213595499958
                 0
                 1
                 1
                 1
                 0
                 0
                 0
                 0
                 0
                 0
 0.832050294337844
 0.832050294337844
                 0
                 2
   1.4142135623731
                 0
  3.05085107923876
                 0
                 0
                 0
                 0
                 2
                  
                 0
                  
                  
                  
                  
                  
                  
  2.16227766016838
  2.82842712474619
  2.16227766016838
  2.16227766016838
                 0
 0.874032048897642
                 0
                 0
  2.16227766016838
  3.10077977174541
                 0
                 0
  3.16227766016838
  70.7248188403477
   1.4142135623731
                 1
                 0
   73.109506905737
                 0
                 0
                 1
                 1
                 0
                 0
                 0
                 0
                 0
  2.47213595499958
                 0
                 0
                 0
                 6
                 0
  4.12310562561766
                 0
                 4
                 0
   5.8309518948453
                 0
  2.23606797749979
                 0
                 0
                 0
 0.707106781186548
                 0
                 0
                 0
                 0
                 0
                 0
                 0
  3.60555127546399
                 0
                 0
                  
                 2
                 0
   1.4142135623731
                 0
                 0
                 0
  3.05085107923876
                 0
                 0
                 0
                 0
                 0
                 0
                 0
                 0
                 0
                 0
                 0
                 0
                 0
                 0
                 0
                 0
                 0
                 0
                  
                 0
                  
                 0
                  
                 0
                 0
                  
                  
                  
                  
                  
                  
                  
                  
                  
                  
                  
                  
                  
                  
                  
                  
                  
                  
                  
                  
                  
                  
                  
                  
                  
                 0
 0.792893218813452
                 0
                 0
                 0
                 0
                 0
                 0
                 0
                 0
                 0
                 0
                 0
                 0
                 0
                 0
                 0
                 0
                 0
                 0
                 0
                 0
                 0
                 0
                 0
  75.2861208988748
                 0
                 0
                 0
  72.4706837279737
                 0
                 0
                 0
  72.4706837279737
                 0
                 0
                  
   76.694197955256
                 0
                 0
                 0
                 0
                 0
                 0
                 0
                 0
                 0
                 0
                 0
                 0
                 0
                 0
                 0
                 0
                 0
                  
                  
                 0
                 0
                 0
                 0
                 0
   5.8309518948453
                 0
                  
                  
  2.23606797749979
                 0
                 0
                 0
                  
                  
                  
                  
                 2
                 0
                  
                  
                 0
                 0
                 0
                 0
                  
                  
                  
                  
                  
                 0
                  
                  
                  
                  
                  
                  
                  
                  
                  
                  
                  
                  
                  
                  
                  
                 0
                 0
                 0
                 0
                  
                  
                  
                  
                 0
                 0
                  
                  
                 0
  75.2861208988748
                 0
                 0
                  
                  
                  
                  
                 0
                 0
                  
                  
                 0
                 0
                 0
                  
                  
                  
                  
                  
                  
                  
                  
                  
                  
                  
                  
                  
                  
                  
                  
                  
                  
                  
                  
                  
                  
                  
                  
                  
                  
                  
                  
                  
                  
                  
                  
                  
                  
                  
                  
                  
                  
                  
                  
                  
                  
                  
                  
                  
                  
                  
                  
                  
                  
                  
                  
                  
                  
                  
                  
                  
                  
                  
                  
                  
                  
                  
                  
                  
                  
                  
                  
                  
                  
                  
                  
                  
                  
                  
                  
                  
                  
                  
                  
                  
                  
                  
                  
                  
                  
                  
                  
                  
                  
                  
                  
                  
                  
                  
                  
                  
                  
                  
                  
                  
                  
                  
                  
                  
                  
                  
                  
                  
                  
                  
                  
                  
                  
                  
                  
                  
                  
                  
                  
                  
                  
                  
                  
                  
                  
                  
                  
                  
                  
                  
                  
                  
                  
                  
                  
                  
                  
                  
                  
                  
                  
                  
                  
                  
                  
                  
                  
                  
                  
                  
                  
                  
                  
                  
                  
                  
                  
                  
                  
                  
                  
                  
                  
                  
                  
                  
                  
                  
                  
                  
                  
                  
                  
                  
                  
                  
                  
                  
                  
                  
                  
                  
                  
                  
                  
                  
                  
                  
                  
                  
                  
                  
                  
                  
                  
                  
                  
                  
                  
                  
                  
                  
                  
                  
                  
                  
                  
                  
                  
                 6
                 1
  5.96372525087662
 0.874032048897642
                 6
                 1
                 6
                 1
  2.60555127546399
                 0
                 0
                 0
  3.59405585233477
 0.792893218813452
 0.792893218813452
 0.792893218813452
  2.60555127546399
                 0
                 0
                 0
  2.60555127546399
                 0
                 0
                 0
  2.16227766016838
                 0
  2.82842712474619
 0.874032048897642
  2.16227766016838
                 0
  2.16227766016838
                 0
                 0
                 0
                 0
                 0
 0.792893218813452
                 0
                 0
                 0
                 0
                 0
                 0
                 0
                 0
                 0
                 0
                 0
                 0
                  
                 0
                  
                 0
                  
                 0
                  
                  
                  
                  
                  
                  
                  
                  
                  
                  
                  
                  
                  
                  
                  
                  
                  
                  
                  
                  
                  
                  
                  
                  
                  
                 0
                 0
                 0
                 0
                 0
                 0
                 0
                 0
                 0
                 0
                 0
                 0
                 0
                 0
                 0
                 0
                 0
                 0
                 0
                 0
                 0
                 0
                 0
                 0
                 0
   75.694197955256
                 0
                 0
 0.707106781186548
  76.5748445399337
                 0
                 0
                 0
   75.694197955256
                 0
                 0
                 0
   75.694197955256
                 0
                 0
                 0
                 0
                 0
                 0
                 0
                 0
                 0
                 0
                 0
                 0
                 0
                 0
                 0
                 0
                 0
                 0
                 0
                 0
                 0
                 0
                 6
                 1
  6.80954140799991
                 0
  2.60555127546399
                 0
                 0
                 0
  3.59405585233477
                 0
                 0
                 0
  2.16227766016838
                 0
  3.10077977174541
                 0
                 0
                 0
                 0
                 0
                 0
                 0
                 0
                 0
                  
                 0
                  
                 0
                  
                  
                  
                  
                  
                  
                  
                  
                  
                  
                  
                  
                  
                 0
                 0
                 0
                 0
                 0
                 0
                 0
                 0
                 0
                 0
                 0
                 0
                 0
   75.694197955256
                 0
                 0
                 0
  76.6912136140262
                 0
                 0
                 0
                 0
                 0
                 0
                 0
                 0
                 0
                 0
                 0
                 0
                 7
                 0
   71.449282711585
   73.109506905737
  4.94974746830583
                 0
  3.60555127546399
                 0
  3.60555127546399
                 0
                 0
                 0
   73.109506905737
  74.5184540902453
  74.5184540902453
  70.7248188403477
 0.707106781186548
                 0
                 0
                 0
                 0
                 0
                 0
                 0
  3.16227766016838
                 0
  70.7248188403477
   73.109506905737
   1.4142135623731
                 0
                 1
                 0
                 0
                 0
                 0
                 0
  75.2861208988748
  72.4706837279737
  72.4706837279737
   76.694197955256
                 0
                 0
                 0
                 0
                 0
                 0
                 0
                 0
                 0
                  
  75.2861208988748
                  
                 0
                  
                 0
                  
                  
                  
                  
                  
                  
                  
                  
                  
                  
                  
                  
                  
                  
                  
                  
                  
                  
                  
                  
                  
                  
                 0
 0.707106781186548
                 0
                 0
   75.694197955256
  76.5748445399337
   75.694197955256
   75.694197955256
                 0
 0.707106781186548
                 0
                 0
                 0
                 0
                 0
                 0
                 0
                 0
   75.694197955256
  76.6912136140262
                 0
                 0
                 0
                 0
                 0
   76.694197955256
                 0
                 0
   76.694197955256
                 0
   69.972671768059
                 0
  71.0633520177595
                 0
   69.972671768059
                 0
                 0
                 0
  71.0633520177595
                 0
                 0
                 0
                 0
  71.0633520177595
  71.0633520177595
                 0
                 0
                 0
                 0
                 0
                 0
  72.4576937741287
  71.7007670809734
  63.6553218513582
                 0
                 0
                 0
                 0
                 0
                 0
  3.60555127546399
                 0
  3.60555127546399
                 0
                 0
                 0
                 0
                 0
                 0
                 0
                 0
                 0
                 1
                 0
                 1
                 0
                 0
                 0
                 0
                 0
                 0
                 0
                 0
                 0
                 0
                  
                 0
                  
                  
                  
                  
                  
                  
                  
                  
                  
                  
                  
                  
                  
                 0
                 0
                 0
                 0
                 0
                 0
                 0
                 0
                 0
                 0
                 0
                 0
                 0
  71.0633520177595
                 0
                 0
                 0
  71.0633520177595
                 0
                 0
                 0
                 0
                 0
                 0
                 0
                 0
                 0
                 0
                 0
                 0
                 0
  3.25433540555203
                 0
  3.79473319220206
                 0
  4.24264068711928
                 0
                 0
                 0
                 0
                 0
                 0
                 0
                 0
                 0
                 3
                 0
                 0
                 0
                 0
                 0
                 0
  2.47213595499958
                 0
                 0
                 0
                 0
                 0
                 0
                 0
                 0
                 0
                 0
                 0
                 0
                 0
                 0
                  
                 0
                  
                 0
                  
                  
                  
                  
                  
                  
                  
                  
                  
                  
                  
                  
                  
                  
                  
                  
                  
                  
                  
                 0
                 0
                 0
                 0
                 0
                 0
                 0
                 0
                 0
                 0
                 0
                 0
                 0
                 0
                 0
                 0
                 0
                 0
                 0
  72.4576937741287
                 0
                 0
                 0
  71.7007670809734
                 0
                 0
                 0
  63.6553218513582
                 0
                 0
                 0
                 0
                 0
                 0
                 0
                 0
                 0
                 0
                 0
                 0
                 0
                 0
                 0
                 0
                 0
(1225 rows)

