                                                                                          st_astext                                                                                           
----------------------------------------------------------------------------------------------------------------------------------------------------------------------------------------------
 POINT(1 8)
 POLYGON((1 1,1 4,3 4,3 1,1 1))
 POINT(3 4)
 POLYGON((1 1,1 3,2 3,2 1,1 1))
 POLYGON((1 1,1 3,2 3,2 1,1 1))
 POLYGON((1 1,1 9,2 9,2 1,1 1))
 POLYGON((1 4,1 9,2 9,2 4,1 4))
 POLYGON((1 1,1 4,3 4,3 1,1 1))
 POLYGON((1 1,1 2,2 2,2 1,1 1))
 POLYGON((0 0,0 4,4 4,4 0,0 0))
 POLYGON((0 0,0 4,4 4,4 0,0 0))
 POLYGON((-2 -1,-2 3,1 3,1 -1,-2 -1))
 POLYGON((-2 -1,-2 3,2 3,2 -1,-2 -1))
 POINT EMPTY
 LINESTRING EMPTY
 POLYGON EMPTY
 MULTIPOINT EMPTY
 MULTILINESTRING EMPTY
 MULTIPOLYGON EMPTY
 GEOMETRYCOLLECTION EMPTY
 POLYGON((-1 0,-1 2,2 2,2 0,-1 0))
 POLYGON((-1.20710678118655 0.792893218813452,-1.20710678118655 2.20710678118655,0.207106781186548 2.20710678118655,0.207106781186548 0.792893218813452,-1.20710678118655 0.792893218813452))
 POLYGON((-1 0,-1 2,2 2,2 0,-1 0))
 POLYGON((-1.01184463531091 -0.345177968644246,-1.01184463531091 2,2 2,2 -0.345177968644246,-1.01184463531091 -0.345177968644246))
 POLYGON((-1 0,-1 2,2 2,2 0,-1 0))
 POLYGON((-0.207106781186548 0,-0.207106781186548 1.20710678118655,1.20710678118655 1.20710678118655,1.20710678118655 0,-0.207106781186548 0))
 POLYGON((0 0,0 1,1 1,1 0,0 0))
 POLYGON((10 10,10 190,190 190,190 10,10 10))
 POLYGON((0 0,0 5,8 5,8 0,0 0))
 POLYGON((-0.207106781186548 0,-0.207106781186548 5,5 5,5 0,-0.207106781186548 0))
 POLYGON((-1 0,-1 5,5 5,5 0,-1 0))
 POLYGON((-1 0,-1 5,5 5,5 0,-1 0))
 POLYGON((-0.82842712474619 -0.82842712474619,-0.82842712474619 4.82842712474619,4.82842712474619 4.82842712474619,4.82842712474619 -0.82842712474619,-0.82842712474619 -0.82842712474619))
 POLYGON((0 -0.618033988749895,0 5,4 5,4 -0.618033988749895,0 -0.618033988749895))
 POLYGON((-0.82842712474619 -0.82842712474619,-0.82842712474619 4.82842712474619,4.82842712474619 4.82842712474619,4.82842712474619 -0.82842712474619,-0.82842712474619 -0.82842712474619))
 POLYGON((-2 -1,-2 14,10 14,10 -1,-2 -1))
(36 rows)

