    st_length     
------------------
                0
                0
                0
 2.41421356237309
 4.65028153987288
 7.09901951359278
 6.09901951359278
 7.21110255092798
                0
                0
                0
                0
                0
                0
                0
                0
                0
                0
                0
                0
 8.28318530717959
 4.44288293815837
 8.28318530717959
 8.60236843160309
 7.79187419346268
 4.74637576599187
 2.41421356237309
 645.096730746207
 15.9568336881822
 13.2834603090311
 16.3289587365019
 16.3116780961812
 24.5999588773797
 19.2364895818726
 24.5999588773797
 17.6308657166052
(36 rows)

